000 (11445146.000.000) 04/07 14:23:14 Job submitted from host: <188.185.72.155:9618?addrs=188.185.72.155-9618&alias=bigbird08.cern.ch&noUDP&sock=schedd_1896_13a7>
...
040 (11445146.000.000) 04/07 15:57:11 Started transferring input files
	Transferring to host: <128.142.131.64:9618?addrs=128.142.131.64-9618+[2001-1458-301-59--100-34]-9618&alias=b7g11p7511.cern.ch&noUDP&sock=slot1_2_3713_e4f0_38491>
...
040 (11445146.000.000) 04/07 15:57:11 Finished transferring input files
...
001 (11445146.000.000) 04/07 15:57:12 Job executing on host: <128.142.131.64:9618?addrs=128.142.131.64-9618+[2001-1458-301-59--100-34]-9618&alias=b7g11p7511.cern.ch&noUDP&sock=startd_3168_901f>
...
006 (11445146.000.000) 04/07 15:57:20 Image size of job updated: 531136
	70  -  MemoryUsage of job (MB)
	71672  -  ResidentSetSize of job (KB)
...
006 (11445146.000.000) 04/07 16:02:21 Image size of job updated: 870944
	279  -  MemoryUsage of job (MB)
	284704  -  ResidentSetSize of job (KB)
...
006 (11445146.000.000) 04/07 16:07:22 Image size of job updated: 870944
	282  -  MemoryUsage of job (MB)
	288728  -  ResidentSetSize of job (KB)
...
006 (11445146.000.000) 04/07 16:09:48 Image size of job updated: 871084
	282  -  MemoryUsage of job (MB)
	288728  -  ResidentSetSize of job (KB)
...
040 (11445146.000.000) 04/07 16:09:48 Started transferring output files
...
040 (11445146.000.000) 04/07 16:09:48 Finished transferring output files
...
005 (11445146.000.000) 04/07 16:09:48 Job terminated.
	(1) Normal termination (return value 0)
		Usr 0 00:12:23, Sys 0 00:00:06  -  Run Remote Usage
		Usr 0 00:00:00, Sys 0 00:00:00  -  Run Local Usage
		Usr 0 00:12:23, Sys 0 00:00:06  -  Total Remote Usage
		Usr 0 00:00:00, Sys 0 00:00:00  -  Total Local Usage
	13201  -  Run Bytes Sent By Job
	2739  -  Run Bytes Received By Job
	13201  -  Total Bytes Sent By Job
	2739  -  Total Bytes Received By Job
	Partitionable Resources :    Usage  Request Allocated 
	   Cpus                 :     0.96        1         1 
	   Disk (KB)            :    45           3   1616706 
	   Memory (MB)          :   282        2000      2000 

	Job terminated of its own accord at 2022-04-07T14:09:48Z.
...
