000 (11445146.001.000) 04/07 14:23:14 Job submitted from host: <188.185.72.155:9618?addrs=188.185.72.155-9618&alias=bigbird08.cern.ch&noUDP&sock=schedd_1896_13a7>
...
040 (11445146.001.000) 04/07 15:57:19 Started transferring input files
	Transferring to host: <188.184.165.139:9618?addrs=188.184.165.139-9618+[2001-1458-301-51--100-86]-9618&alias=b7s14p7883.cern.ch&noUDP&sock=slot1_17_191074_ab13_19632>
...
040 (11445146.001.000) 04/07 15:57:20 Finished transferring input files
...
001 (11445146.001.000) 04/07 15:57:20 Job executing on host: <188.184.165.139:9618?addrs=188.184.165.139-9618+[2001-1458-301-51--100-86]-9618&alias=b7s14p7883.cern.ch&noUDP&sock=startd_191037_1219>
...
006 (11445146.001.000) 04/07 15:57:29 Image size of job updated: 2184
	1  -  MemoryUsage of job (MB)
	868  -  ResidentSetSize of job (KB)
...
006 (11445146.001.000) 04/07 16:02:30 Image size of job updated: 920108
	268  -  MemoryUsage of job (MB)
	274016  -  ResidentSetSize of job (KB)
...
006 (11445146.001.000) 04/07 16:07:30 Image size of job updated: 920108
	295  -  MemoryUsage of job (MB)
	301612  -  ResidentSetSize of job (KB)
...
006 (11445146.001.000) 04/07 16:12:31 Image size of job updated: 920108
	326  -  MemoryUsage of job (MB)
	333452  -  ResidentSetSize of job (KB)
...
040 (11445146.001.000) 04/07 16:13:54 Started transferring output files
...
040 (11445146.001.000) 04/07 16:13:54 Finished transferring output files
...
005 (11445146.001.000) 04/07 16:13:54 Job terminated.
	(1) Normal termination (return value 0)
		Usr 0 00:16:09, Sys 0 00:00:05  -  Run Remote Usage
		Usr 0 00:00:00, Sys 0 00:00:00  -  Run Local Usage
		Usr 0 00:16:09, Sys 0 00:00:05  -  Total Remote Usage
		Usr 0 00:00:00, Sys 0 00:00:00  -  Total Local Usage
	13714  -  Run Bytes Sent By Job
	2830  -  Run Bytes Received By Job
	13714  -  Total Bytes Sent By Job
	2830  -  Total Bytes Received By Job
	Partitionable Resources :    Usage  Request Allocated 
	   Cpus                 :     1.00        1         1 
	   Disk (KB)            :    45           3   2702578 
	   Memory (MB)          :   326        2000      2000 

	Job terminated of its own accord at 2022-04-07T14:13:54Z.
...
