000 (11445146.002.000) 04/07 14:23:14 Job submitted from host: <188.185.72.155:9618?addrs=188.185.72.155-9618&alias=bigbird08.cern.ch&noUDP&sock=schedd_1896_13a7>
...
040 (11445146.002.000) 04/07 15:57:20 Started transferring input files
	Transferring to host: <188.184.163.19:9618?addrs=188.184.163.19-9618+[2001-1458-301-4d--100-d]-9618&alias=b7s12p3062.cern.ch&noUDP&sock=slot1_1_4036_7a1d_117513>
...
040 (11445146.002.000) 04/07 15:57:20 Finished transferring input files
...
001 (11445146.002.000) 04/07 15:57:21 Job executing on host: <188.184.163.19:9618?addrs=188.184.163.19-9618+[2001-1458-301-4d--100-d]-9618&alias=b7s12p3062.cern.ch&noUDP&sock=startd_3211_0eb1>
...
006 (11445146.002.000) 04/07 15:57:30 Image size of job updated: 1748
	1  -  MemoryUsage of job (MB)
	948  -  ResidentSetSize of job (KB)
...
006 (11445146.002.000) 04/07 16:02:31 Image size of job updated: 921044
	342  -  MemoryUsage of job (MB)
	349976  -  ResidentSetSize of job (KB)
...
040 (11445146.002.000) 04/07 16:04:13 Started transferring output files
...
040 (11445146.002.000) 04/07 16:04:13 Finished transferring output files
...
005 (11445146.002.000) 04/07 16:04:13 Job terminated.
	(1) Normal termination (return value 0)
		Usr 0 00:06:37, Sys 0 00:00:04  -  Run Remote Usage
		Usr 0 00:00:00, Sys 0 00:00:00  -  Run Local Usage
		Usr 0 00:06:37, Sys 0 00:00:04  -  Total Remote Usage
		Usr 0 00:00:00, Sys 0 00:00:00  -  Total Local Usage
	13201  -  Run Bytes Sent By Job
	2719  -  Run Bytes Received By Job
	13201  -  Total Bytes Sent By Job
	2719  -  Total Bytes Received By Job
	Partitionable Resources :    Usage  Request Allocated 
	   Cpus                 :                 1         1 
	   Disk (KB)            :       38        3   2897079 
	   Memory (MB)          :      342     2000      2000 

	Job terminated of its own accord at 2022-04-07T14:04:13Z.
...
