000 (11445146.003.000) 04/07 14:23:14 Job submitted from host: <188.185.72.155:9618?addrs=188.185.72.155-9618&alias=bigbird08.cern.ch&noUDP&sock=schedd_1896_13a7>
...
040 (11445146.003.000) 04/07 15:55:41 Started transferring input files
	Transferring to host: <128.142.137.179:9618?addrs=128.142.137.179-9618+[2001-1458-301-5e--100-a7]-9618&alias=b7g19p9664.cern.ch&noUDP&sock=slot1_16_31244_f970_150675>
...
040 (11445146.003.000) 04/07 15:55:42 Finished transferring input files
...
001 (11445146.003.000) 04/07 15:55:43 Job executing on host: <128.142.137.179:9618?addrs=128.142.137.179-9618+[2001-1458-301-5e--100-a7]-9618&alias=b7g19p9664.cern.ch&noUDP&sock=startd_8303_bef0>
...
006 (11445146.003.000) 04/07 15:55:51 Image size of job updated: 269540
	1  -  MemoryUsage of job (MB)
	1024  -  ResidentSetSize of job (KB)
...
006 (11445146.003.000) 04/07 16:00:51 Image size of job updated: 858264
	240  -  MemoryUsage of job (MB)
	245072  -  ResidentSetSize of job (KB)
...
006 (11445146.003.000) 04/07 16:05:51 Image size of job updated: 858264
	240  -  MemoryUsage of job (MB)
	245092  -  ResidentSetSize of job (KB)
...
006 (11445146.003.000) 04/07 16:10:52 Image size of job updated: 858264
	240  -  MemoryUsage of job (MB)
	245196  -  ResidentSetSize of job (KB)
...
006 (11445146.003.000) 04/07 16:15:52 Image size of job updated: 858264
	240  -  MemoryUsage of job (MB)
	245244  -  ResidentSetSize of job (KB)
...
040 (11445146.003.000) 04/07 16:15:52 Started transferring output files
...
040 (11445146.003.000) 04/07 16:15:52 Finished transferring output files
...
009 (11445146.003.000) 04/07 16:15:52 Job was aborted.
	Job removed by SYSTEM_PERIODIC_REMOVE due to wall time exceeded allowed max.
...
