000 (11445146.004.000) 04/07 14:23:14 Job submitted from host: <188.185.72.155:9618?addrs=188.185.72.155-9618&alias=bigbird08.cern.ch&noUDP&sock=schedd_1896_13a7>
...
040 (11445146.004.000) 04/07 15:55:42 Started transferring input files
	Transferring to host: <128.142.130.190:9618?addrs=128.142.130.190-9618+[2001-1458-301-58--100-b2]-9618&alias=b7g20p9077.cern.ch&noUDP&sock=slot1_25_14476_66c6_147061>
...
040 (11445146.004.000) 04/07 15:55:42 Finished transferring input files
...
001 (11445146.004.000) 04/07 15:55:43 Job executing on host: <128.142.130.190:9618?addrs=128.142.130.190-9618+[2001-1458-301-58--100-b2]-9618&alias=b7g20p9077.cern.ch&noUDP&sock=startd_14419_d02a>
...
006 (11445146.004.000) 04/07 15:55:51 Image size of job updated: 57120
	37  -  MemoryUsage of job (MB)
	37132  -  ResidentSetSize of job (KB)
...
006 (11445146.004.000) 04/07 16:00:51 Image size of job updated: 911164
	252  -  MemoryUsage of job (MB)
	257128  -  ResidentSetSize of job (KB)
...
006 (11445146.004.000) 04/07 16:05:52 Image size of job updated: 911164
	252  -  MemoryUsage of job (MB)
	257236  -  ResidentSetSize of job (KB)
...
006 (11445146.004.000) 04/07 16:10:53 Image size of job updated: 911164
	252  -  MemoryUsage of job (MB)
	257280  -  ResidentSetSize of job (KB)
...
006 (11445146.004.000) 04/07 16:15:53 Image size of job updated: 911304
	252  -  MemoryUsage of job (MB)
	257328  -  ResidentSetSize of job (KB)
...
040 (11445146.004.000) 04/07 16:15:53 Started transferring output files
...
040 (11445146.004.000) 04/07 16:15:53 Finished transferring output files
...
009 (11445146.004.000) 04/07 16:15:53 Job was aborted.
	Job removed by SYSTEM_PERIODIC_REMOVE due to wall time exceeded allowed max.
...
