000 (11445146.005.000) 04/07 14:23:14 Job submitted from host: <188.185.72.155:9618?addrs=188.185.72.155-9618&alias=bigbird08.cern.ch&noUDP&sock=schedd_1896_13a7>
...
040 (11445146.005.000) 04/07 15:55:41 Started transferring input files
	Transferring to host: <128.142.131.31:9618?addrs=128.142.131.31-9618+[2001-1458-301-59--100-13]-9618&alias=b7g11p0723.cern.ch&noUDP&sock=slot1_15_4423_274d_49984>
...
040 (11445146.005.000) 04/07 15:55:41 Finished transferring input files
...
001 (11445146.005.000) 04/07 15:55:43 Job executing on host: <128.142.131.31:9618?addrs=128.142.131.31-9618+[2001-1458-301-59--100-13]-9618&alias=b7g11p0723.cern.ch&noUDP&sock=startd_3140_5b78>
...
006 (11445146.005.000) 04/07 15:55:51 Image size of job updated: 952
	1  -  MemoryUsage of job (MB)
	736  -  ResidentSetSize of job (KB)
...
006 (11445146.005.000) 04/07 16:00:51 Image size of job updated: 982172
	160  -  MemoryUsage of job (MB)
	163628  -  ResidentSetSize of job (KB)
...
006 (11445146.005.000) 04/07 16:05:51 Image size of job updated: 982172
	205  -  MemoryUsage of job (MB)
	208992  -  ResidentSetSize of job (KB)
...
006 (11445146.005.000) 04/07 16:10:52 Image size of job updated: 1008576
	205  -  MemoryUsage of job (MB)
	208992  -  ResidentSetSize of job (KB)
...
006 (11445146.005.000) 04/07 16:15:44 Image size of job updated: 1008644
	205  -  MemoryUsage of job (MB)
	208992  -  ResidentSetSize of job (KB)
...
040 (11445146.005.000) 04/07 16:15:44 Started transferring output files
...
040 (11445146.005.000) 04/07 16:15:44 Finished transferring output files
...
009 (11445146.005.000) 04/07 16:15:44 Job was aborted.
	Job removed by SYSTEM_PERIODIC_REMOVE due to wall time exceeded allowed max.
...
