000 (11445146.006.000) 04/07 14:23:14 Job submitted from host: <188.185.72.155:9618?addrs=188.185.72.155-9618&alias=bigbird08.cern.ch&noUDP&sock=schedd_1896_13a7>
...
040 (11445146.006.000) 04/07 15:55:42 Started transferring input files
	Transferring to host: <128.142.131.69:9618?addrs=128.142.131.69-9618+[2001-1458-301-59--100-39]-9618&alias=b7g11p4881.cern.ch&noUDP&sock=slot1_16_3808_d494_42032>
...
040 (11445146.006.000) 04/07 15:55:42 Finished transferring input files
...
001 (11445146.006.000) 04/07 15:55:43 Job executing on host: <128.142.131.69:9618?addrs=128.142.131.69-9618+[2001-1458-301-59--100-39]-9618&alias=b7g11p4881.cern.ch&noUDP&sock=startd_3236_348f>
...
006 (11445146.006.000) 04/07 15:55:52 Image size of job updated: 1216
	1  -  MemoryUsage of job (MB)
	972  -  ResidentSetSize of job (KB)
...
006 (11445146.006.000) 04/07 16:00:53 Image size of job updated: 731876
	161  -  MemoryUsage of job (MB)
	164800  -  ResidentSetSize of job (KB)
...
006 (11445146.006.000) 04/07 16:05:53 Image size of job updated: 955608
	205  -  MemoryUsage of job (MB)
	209260  -  ResidentSetSize of job (KB)
...
006 (11445146.006.000) 04/07 16:10:53 Image size of job updated: 955860
	205  -  MemoryUsage of job (MB)
	209260  -  ResidentSetSize of job (KB)
...
006 (11445146.006.000) 04/07 16:15:55 Image size of job updated: 955860
	300  -  MemoryUsage of job (MB)
	306476  -  ResidentSetSize of job (KB)
...
040 (11445146.006.000) 04/07 16:15:55 Started transferring output files
...
040 (11445146.006.000) 04/07 16:15:55 Finished transferring output files
...
009 (11445146.006.000) 04/07 16:15:55 Job was aborted.
	Job removed by SYSTEM_PERIODIC_REMOVE due to wall time exceeded allowed max.
...
