000 (11445149.000.000) 04/07 14:26:13 Job submitted from host: <188.185.72.155:9618?addrs=188.185.72.155-9618&alias=bigbird08.cern.ch&noUDP&sock=schedd_1896_13a7>
...
040 (11445149.000.000) 04/07 15:55:43 Started transferring input files
	Transferring to host: <128.142.131.43:9618?addrs=128.142.131.43-9618+[2001-1458-301-59--100-1f]-9618&alias=b7g11p9864.cern.ch&noUDP&sock=slot1_27_7094_1d5a_37194>
...
040 (11445149.000.000) 04/07 15:55:43 Finished transferring input files
...
001 (11445149.000.000) 04/07 15:55:44 Job executing on host: <128.142.131.43:9618?addrs=128.142.131.43-9618+[2001-1458-301-59--100-1f]-9618&alias=b7g11p9864.cern.ch&noUDP&sock=startd_3187_986b>
...
006 (11445149.000.000) 04/07 15:55:53 Image size of job updated: 143292
	9  -  MemoryUsage of job (MB)
	8288  -  ResidentSetSize of job (KB)
...
006 (11445149.000.000) 04/07 16:00:54 Image size of job updated: 931480
	294  -  MemoryUsage of job (MB)
	300176  -  ResidentSetSize of job (KB)
...
006 (11445149.000.000) 04/07 16:05:54 Image size of job updated: 931480
	315  -  MemoryUsage of job (MB)
	321652  -  ResidentSetSize of job (KB)
...
006 (11445149.000.000) 04/07 16:10:55 Image size of job updated: 931480
	315  -  MemoryUsage of job (MB)
	321768  -  ResidentSetSize of job (KB)
...
006 (11445149.000.000) 04/07 16:15:56 Image size of job updated: 931480
	323  -  MemoryUsage of job (MB)
	330388  -  ResidentSetSize of job (KB)
...
040 (11445149.000.000) 04/07 16:15:56 Started transferring output files
...
040 (11445149.000.000) 04/07 16:15:56 Finished transferring output files
...
009 (11445149.000.000) 04/07 16:15:56 Job was aborted.
	Job removed by SYSTEM_PERIODIC_REMOVE due to wall time exceeded allowed max.
...
